--------------- Build Started: 11/06/2017 19:55:21 Project: AYBR3000, Configuration: ARM GCC 4.9-2015-q1-update Debug ---------------
cydsfit.exe -.appdatapath "C:\Users\Administrator\AppData\Local\Cypress Semiconductor\PSoC Creator\4.0" -.fdsnotice -.fdswarpdepfile=warp_dependencies.txt -.fdselabdepfile=elab_dependencies.txt -.fdsbldfile=generated_files.txt -.fdsreffile=referenced_files.txt -p D:\AYBR3000\AYBR3000_V2.0_lable\AYBR3000\AYBR3000.cydsn\AYBR3000.cyprj -d CY8C4024LQI-S412 -s D:\AYBR3000\AYBR3000_V2.0_lable\AYBR3000\AYBR3000.cydsn\Generated_Source\PSoC4 -- -yv2 -q10 -ygs -o2 -v3 -.fftcfgtype=LE
Elaborating Design...
HDL Generation...
Synthesis...
Tech Mapping...
Analog Placement...
Analog Routing...
Analog Code Generation...
Digital Placement...
Digital Routing...
Info: pft.M0077: There is no timing information available for the selected device. Static timing checks will not be applied and digital routing will not be timing-driven. (App=cydsfit)
Bitstream Generation...
Bitstream Verification...
Static timing analysis...
API Generation...
Dependency Generation...
Cleanup...
arm-none-eabi-gcc.exe -mcpu=cortex-m0plus -mthumb -I. -IGenerated_Source\PSoC4 -Wa,-alh=.\CortexM0p\ARM_GCC_493\Debug/main.lst -g -D DEBUG -Wall -ffunction-sections -Og -ffat-lto-objects -c main.c -o .\CortexM0p\ARM_GCC_493\Debug\main.o
arm-none-eabi-gcc.exe -mcpu=cortex-m0plus -mthumb -I. -IGenerated_Source\PSoC4 -Wa,-alh=.\CortexM0p\ARM_GCC_493\Debug/app.lst -g -D DEBUG -Wall -ffunction-sections -Og -ffat-lto-objects -c app.c -o .\CortexM0p\ARM_GCC_493\Debug\app.o
arm-none-eabi-gcc.exe -mcpu=cortex-m0plus -mthumb -I. -IGenerated_Source\PSoC4 -Wa,-alh=.\CortexM0p\ARM_GCC_493\Debug/key.lst -g -D DEBUG -Wall -ffunction-sections -Og -ffat-lto-objects -c key.c -o .\CortexM0p\ARM_GCC_493\Debug\key.o
arm-none-eabi-gcc.exe -mcpu=cortex-m0plus -mthumb -I. -IGenerated_Source\PSoC4 -Wa,-alh=.\CortexM0p\ARM_GCC_493\Debug/key_config.lst -g -D DEBUG -Wall -ffunction-sections -Og -ffat-lto-objects -c key_config.c -o .\CortexM0p\ARM_GCC_493\Debug\key_config.o
arm-none-eabi-gcc.exe -mcpu=cortex-m0plus -mthumb -I. -IGenerated_Source\PSoC4 -Wa,-alh=.\CortexM0p\ARM_GCC_493\Debug/key_touch_Control.lst -g -D DEBUG -Wall -ffunction-sections -Og -ffat-lto-objects -c Generated_Source\PSoC4\key_touch_Control.c -o .\CortexM0p\ARM_GCC_493\Debug\key_touch_Control.o
arm-none-eabi-gcc.exe -mcpu=cortex-m0plus -mthumb -I. -IGenerated_Source\PSoC4 -Wa,-alh=.\CortexM0p\ARM_GCC_493\Debug/key_touch_Processing.lst -g -D DEBUG -Wall -ffunction-sections -Og -ffat-lto-objects -c Generated_Source\PSoC4\key_touch_Processing.c -o .\CortexM0p\ARM_GCC_493\Debug\key_touch_Processing.o
arm-none-eabi-gcc.exe -mcpu=cortex-m0plus -mthumb -I. -IGenerated_Source\PSoC4 -Wa,-alh=.\CortexM0p\ARM_GCC_493\Debug/key_touch_Structure.lst -g -D DEBUG -Wall -ffunction-sections -Og -ffat-lto-objects -c Generated_Source\PSoC4\key_touch_Structure.c -o .\CortexM0p\ARM_GCC_493\Debug\key_touch_Structure.o
arm-none-eabi-gcc.exe -mcpu=cortex-m0plus -mthumb -I. -IGenerated_Source\PSoC4 -Wa,-alh=.\CortexM0p\ARM_GCC_493\Debug/key_touch_Tuner.lst -g -D DEBUG -Wall -ffunction-sections -Og -ffat-lto-objects -c Generated_Source\PSoC4\key_touch_Tuner.c -o .\CortexM0p\ARM_GCC_493\Debug\key_touch_Tuner.o
arm-none-eabi-gcc.exe -mcpu=cortex-m0plus -mthumb -I. -IGenerated_Source\PSoC4 -Wa,-alh=.\CortexM0p\ARM_GCC_493\Debug/key_touch_Filter.lst -g -D DEBUG -Wall -ffunction-sections -Og -ffat-lto-objects -c Generated_Source\PSoC4\key_touch_Filter.c -o .\CortexM0p\ARM_GCC_493\Debug\key_touch_Filter.o
arm-none-eabi-gcc.exe -mcpu=cortex-m0plus -mthumb -I. -IGenerated_Source\PSoC4 -Wa,-alh=.\CortexM0p\ARM_GCC_493\Debug/key_touch_Sensing.lst -g -D DEBUG -Wall -ffunction-sections -Og -ffat-lto-objects -c Generated_Source\PSoC4\key_touch_Sensing.c -o .\CortexM0p\ARM_GCC_493\Debug\key_touch_Sensing.o
arm-none-eabi-gcc.exe -mcpu=cortex-m0plus -mthumb -I. -IGenerated_Source\PSoC4 -Wa,-alh=.\CortexM0p\ARM_GCC_493\Debug/key_touch_INT.lst -g -D DEBUG -Wall -ffunction-sections -Og -ffat-lto-objects -c Generated_Source\PSoC4\key_touch_INT.c -o .\CortexM0p\ARM_GCC_493\Debug\key_touch_INT.o
arm-none-eabi-gcc.exe -mcpu=cortex-m0plus -mthumb -I. -IGenerated_Source\PSoC4 -Wa,-alh=.\CortexM0p\ARM_GCC_493\Debug/key_touch_SensingCSD_LL.lst -g -D DEBUG -Wall -ffunction-sections -Og -ffat-lto-objects -c Generated_Source\PSoC4\key_touch_SensingCSD_LL.c -o .\CortexM0p\ARM_GCC_493\Debug\key_touch_SensingCSD_LL.o
arm-none-eabi-ar.exe -rs .\CortexM0p\ARM_GCC_493\Debug\AYBR3000.a .\CortexM0p\ARM_GCC_493\Debug\cyfitter_cfg.o .\CortexM0p\ARM_GCC_493\Debug\key_touch_Control.o .\CortexM0p\ARM_GCC_493\Debug\key_touch_Processing.o .\CortexM0p\ARM_GCC_493\Debug\key_touch_Structure.o .\CortexM0p\ARM_GCC_493\Debug\key_touch_Tuner.o .\CortexM0p\ARM_GCC_493\Debug\key_touch_Filter.o .\CortexM0p\ARM_GCC_493\Debug\key_touch_Sensing.o .\CortexM0p\ARM_GCC_493\Debug\key_touch_INT.o .\CortexM0p\ARM_GCC_493\Debug\key_touch_SensingCSD_LL.o .\CortexM0p\ARM_GCC_493\Debug\Timer_1.o .\CortexM0p\ARM_GCC_493\Debug\Timer_1_PM.o .\CortexM0p\ARM_GCC_493\Debug\Clock_1.o .\CortexM0p\ARM_GCC_493\Debug\WAKE_UP.o .\CortexM0p\ARM_GCC_493\Debug\WAKE_UP_PM.o .\CortexM0p\ARM_GCC_493\Debug\key_touch_ISR.o .\CortexM0p\ARM_GCC_493\Debug\CyFlash.o .\CortexM0p\ARM_GCC_493\Debug\CyLib.o .\CortexM0p\ARM_GCC_493\Debug\cyPm.o .\CortexM0p\ARM_GCC_493\Debug\cyutils.o .\CortexM0p\ARM_GCC_493\Debug\CyLFClk.o .\CortexM0p\ARM_GCC_493\Debug\time_1ms_ISR.o .\CortexM0p\ARM_GCC_493\Debug\SIMPLE_CLOCK.o .\CortexM0p\ARM_GCC_493\Debug\SIMPLE_CLOCK_PM.o .\CortexM0p\ARM_GCC_493\Debug\SIMPLE_DATA.o .\CortexM0p\ARM_GCC_493\Debug\SIMPLE_DATA_PM.o .\CortexM0p\ARM_GCC_493\Debug\CyBootAsmGnu.o
arm-none-eabi-ar.exe: creating .\CortexM0p\ARM_GCC_493\Debug\AYBR3000.a
arm-none-eabi-gcc.exe -Wl,--start-group -o .\CortexM0p\ARM_GCC_493\Debug\AYBR3000.elf .\CortexM0p\ARM_GCC_493\Debug\main.o .\CortexM0p\ARM_GCC_493\Debug\simple_protocol.o .\CortexM0p\ARM_GCC_493\Debug\timing.o .\CortexM0p\ARM_GCC_493\Debug\task_manager.o .\CortexM0p\ARM_GCC_493\Debug\app.o .\CortexM0p\ARM_GCC_493\Debug\key.o .\CortexM0p\ARM_GCC_493\Debug\key_config.o .\CortexM0p\ARM_GCC_493\Debug\cymetadata.o .\CortexM0p\ARM_GCC_493\Debug\Cm0plusStart.o .\CortexM0p\ARM_GCC_493\Debug\AYBR3000.a "D:\Program Files (x86)\Cypress\PSoC Creator\4.0\PSoC Creator\psoc\content\cycomponentlibrary\CyComponentLibrary.cylib\CapSense_P4_v3_10\PSoC4\Library\Capsense_P4Library_GCCp.a" -mcpu=cortex-m0plus -mthumb -g -ffunction-sections -Og -ffat-lto-objects -L Generated_Source\PSoC4 -Wl,-Map,.\CortexM0p\ARM_GCC_493\Debug/AYBR3000.map -T D:\AYBR3000\AYBR3000_V2.0_lable\AYBR3000\AYBR3000.cydsn\Generated_Source\PSoC4\cm0plusgcc.ld -specs=nano.specs -Wl,--gc-sections -Wl,--end-group
cyelftool.exe -C D:\AYBR3000\AYBR3000_V2.0_lable\AYBR3000\AYBR3000.cydsn\CortexM0p\ARM_GCC_493\Debug\AYBR3000.elf --flash_row_size 128 --flash_size 16384
cyelftool.exe -S D:\AYBR3000\AYBR3000_V2.0_lable\AYBR3000\AYBR3000.cydsn\CortexM0p\ARM_GCC_493\Debug\AYBR3000.elf
Flash used: 10174 of 16384 bytes (62.1%).
SRAM used: 1612 of 2048 bytes (78.7%). Stack: 256 bytes. Heap: 128 bytes.
--------------- Build Succeeded: 11/06/2017 19:55:40 ---------------
